<?xml version="1.0" encoding="UTF-8"?>
<testng-results skipped="0" failed="0" total="1" passed="1">
  <reporter-output>
    <line>
      <![CDATA[Title is matrchingOrangeHRM]]>
    </line>
    <line>
      <![CDATA[List is sorted:Pass]]>
    </line>
  </reporter-output>
  <suite name="Suite" duration-ms="51826" started-at="2018-05-15T00:39:07Z" finished-at="2018-05-15T00:39:59Z">
    <groups>
    </groups>
    <test name="Test" duration-ms="51826" started-at="2018-05-15T00:39:07Z" finished-at="2018-05-15T00:39:59Z">
      <class name="hrm.hrr.scripts.TestScripts">
        <test-method status="PASS" signature="preCondition(java.lang.String)[pri:0, instance:hrm.hrr.scripts.TestScripts@2f686d1f]" name="preCondition" is-config="true" duration-ms="18342" started-at="2018-05-14T17:39:07Z" finished-at="2018-05-14T17:39:26Z">
          <params>
            <param index="0">
              <value>
                <![CDATA[firefox]]>
              </value>
            </param>
          </params>
          <reporter-output>
          </reporter-output>
        </test-method> <!-- preCondition -->
        <test-method status="PASS" signature="testSortListBox()[pri:0, instance:hrm.hrr.scripts.TestScripts@2f686d1f]" name="testSortListBox" duration-ms="33441" started-at="2018-05-14T17:39:26Z" finished-at="2018-05-14T17:39:59Z">
          <reporter-output>
            <line>
              <![CDATA[Title is matrchingOrangeHRM]]>
            </line>
            <line>
              <![CDATA[List is sorted:Pass]]>
            </line>
          </reporter-output>
        </test-method> <!-- testSortListBox -->
        <test-method status="PASS" signature="postMethod()[pri:0, instance:hrm.hrr.scripts.TestScripts@2f686d1f]" name="postMethod" is-config="true" duration-ms="19" started-at="2018-05-14T17:39:59Z" finished-at="2018-05-14T17:39:59Z">
          <reporter-output>
          </reporter-output>
        </test-method> <!-- postMethod -->
      </class> <!-- hrm.hrr.scripts.TestScripts -->
    </test> <!-- Test -->
  </suite> <!-- Suite -->
</testng-results>
